"../../../../AnastasiaT_21012022-master/Content/Download/StarterContent/Materials/M_Basic_Wall.uasset" 0
"../../../../AnastasiaT_21012022-master/Content/Download/StarterContent/Architecture/Pillar_50x500.uasset" 1
"../../../../AnastasiaT_21012022-master/Content/Download/StarterContent/Architecture/Wall_400x300.uasset" 2
"../../../../AnastasiaT_21012022-master/Content/Download/StarterContent/Architecture/Wall_400x400.uasset" 3
"../../../../AnastasiaT_21012022-master/Content/Download/StarterContent/Architecture/Wall_500x500.uasset" 4
"../../../../AnastasiaT_21012022-master/Content/Download/StarterContent/Architecture/Wall_Door_400x400.uasset" 5
"../../../../AnastasiaT_21012022-master/Content/Download/StarterContent/Architecture/Wall_Window_400x400.uasset" 6
"../../../../AnastasiaT_21012022-master/Content/Download/StarterContent/Audio/Light01.uasset" 7
"../../../../AnastasiaT_21012022-master/Content/Download/StarterContent/Audio/Light01_Cue.uasset" 8
"../../../../AnastasiaT_21012022-master/Content/Download/StarterContent/Audio/Light02.uasset" 9
"../../../../AnastasiaT_21012022-master/Content/Download/StarterContent/Audio/Light02_Cue.uasset" 10
"../../../../AnastasiaT_21012022-master/Content/Download/StarterContent/Textures/T_Smoke_Tiled_D.uasset" 11
"../../../../AnastasiaT_21012022-master/Content/Download/StarterContent/Textures/T_Smoke_SubUV.uasset" 12
"../../../../AnastasiaT_21012022-master/Content/Download/StarterContent/Particles/Materials/M_smoke_subUV.uasset" 13
"../../../Engine/Content/Functions/Engine_MaterialFunctions01/Gradient/RadialGradient.uasset" 14
"../../../../AnastasiaT_21012022-master/Content/Download/StarterContent/Particles/Materials/M_radial_ramp.uasset" 15
"../../../../AnastasiaT_21012022-master/Content/Download/StarterContent/Particles/Materials/m_flare_01.uasset" 16
"../../../../AnastasiaT_21012022-master/Content/Download/StarterContent/Textures/T_Explosion_SubUV.uasset" 17
"../../../../AnastasiaT_21012022-master/Content/Download/StarterContent/Particles/Materials/M_explosion_subUV.uasset" 18
"../../../../AnastasiaT_21012022-master/Content/Download/StarterContent/Textures/T_Burst_M.uasset" 19
"../../../../AnastasiaT_21012022-master/Content/Download/StarterContent/Particles/Materials/M_Burst.uasset" 20
"../../../../AnastasiaT_21012022-master/Content/Download/StarterContent/Particles/P_Explosion.uasset" 21
"../../../../AnastasiaT_21012022-master/Content/Download/StarterContent/Audio/Explosion01.uasset" 22
"../../../../AnastasiaT_21012022-master/Content/Download/StarterContent/Audio/Explosion02.uasset" 23
"../../../../AnastasiaT_21012022-master/Content/Download/StarterContent/Audio/Explosion_Cue.uasset" 24
"../../../../AnastasiaT_21012022-master/Content/Download/StarterContent/Blueprints/Blueprint_Effect_Explosion.uasset" 25
"../../../Engine/Content/EditorMeshes/ColorCalibrator/T_ColorGrid.uasset" 26
"../../../../AnastasiaT_21012022-master/Content/Download/StarterContent/Materials/M_ColorGrid_LowSpec.uasset" 27
"../../../../AnastasiaT_21012022-master/Content/Download/StarterContent/Textures/T_Bush_N.uasset" 28
"../../../../AnastasiaT_21012022-master/Content/Download/StarterContent/Textures/T_Bush_D.uasset" 29
"../../../../AnastasiaT_21012022-master/Content/Download/StarterContent/Props/Materials/M_Bush.uasset" 30
"../../../../AnastasiaT_21012022-master/Content/Download/StarterContent/Props/SM_Bush.uasset" 31
"../../../../AnastasiaT_21012022-master/Content/Download/StarterContent/Textures/T_Chair_N.uasset" 32
"../../../../AnastasiaT_21012022-master/Content/Download/StarterContent/Textures/T_Chair_M.uasset" 33
"../../../../AnastasiaT_21012022-master/Content/Download/StarterContent/Props/Materials/M_Chair.uasset" 34
"../../../../AnastasiaT_21012022-master/Content/Download/StarterContent/Props/SM_Couch.uasset" 35
"../../../../AnastasiaT_21012022-master/Content/Download/StarterContent/Textures/T_Door_N.uasset" 36
"../../../../AnastasiaT_21012022-master/Content/Download/StarterContent/Textures/T_Door_M.uasset" 37
"../../../../AnastasiaT_21012022-master/Content/Download/StarterContent/Props/Materials/M_Door.uasset" 38
"../../../../AnastasiaT_21012022-master/Content/Download/StarterContent/Materials/M_Glass.uasset" 39
"../../../../AnastasiaT_21012022-master/Content/Download/StarterContent/Props/SM_Door.uasset" 40
"../../../../AnastasiaT_21012022-master/Content/Download/StarterContent/Props/Materials/M_MaterialSphere_Plain.uasset" 41
"../../../../AnastasiaT_21012022-master/Content/Download/StarterContent/Props/Materials/M_MaterialSphere.uasset" 42
"../../../../AnastasiaT_21012022-master/Content/Download/StarterContent/Props/SM_MatPreviewMesh_02.uasset" 43
"../../../../AnastasiaT_21012022-master/Content/Download/StarterContent/Textures/T_RockMesh_N.uasset" 44
"../../../../AnastasiaT_21012022-master/Content/Download/StarterContent/Textures/T_RockMesh_M.uasset" 45
"../../../../AnastasiaT_21012022-master/Content/Download/StarterContent/Textures/T_Rock_Basalt_D.uasset" 46
"../../../Engine/Content/Functions/Engine_MaterialFunctions02/Utility/BlendAngleCorrectedNormals.uasset" 47
"../../../../AnastasiaT_21012022-master/Content/Download/StarterContent/Textures/T_Detail_Rocky_N.uasset" 48
"../../../../AnastasiaT_21012022-master/Content/Download/StarterContent/Props/Materials/M_Rock.uasset" 49
"../../../../AnastasiaT_21012022-master/Content/Download/StarterContent/Props/SM_Rock.uasset" 50
"../../../../AnastasiaT_21012022-master/Content/Download/StarterContent/Textures/T_Shelf_N.uasset" 51
"../../../../AnastasiaT_21012022-master/Content/Download/StarterContent/Textures/T_Shelf_M.uasset" 52
"../../../../AnastasiaT_21012022-master/Content/Download/StarterContent/Props/Materials/M_Shelf.uasset" 53
"../../../../AnastasiaT_21012022-master/Content/Download/StarterContent/Props/SM_Shelf.uasset" 54
"../../../../AnastasiaT_21012022-master/Content/Download/StarterContent/Materials/M_Basic_Floor.uasset" 55
"../../../../AnastasiaT_21012022-master/Content/Download/StarterContent/Props/SM_Stairs.uasset" 56
"../../../../AnastasiaT_21012022-master/Content/Download/StarterContent/Shapes/Shape_Cone.uasset" 57
"../../../../AnastasiaT_21012022-master/Content/Download/StarterContent/Shapes/Shape_NarrowCapsule.uasset" 58
"../../../../AnastasiaT_21012022-master/Content/Download/StarterContent/Shapes/Shape_Pipe.uasset" 59
"../../../../AnastasiaT_21012022-master/Content/Download/StarterContent/Shapes/Shape_Pipe_180.uasset" 60
"../../../../AnastasiaT_21012022-master/Content/Download/StarterContent/Shapes/Shape_Pipe_90.uasset" 61
"../../../../AnastasiaT_21012022-master/Content/Download/StarterContent/Shapes/Shape_Plane.uasset" 62
"../../../../AnastasiaT_21012022-master/Content/Download/StarterContent/Shapes/Shape_Torus.uasset" 63
"../../../../AnastasiaT_21012022-master/Content/Download/StarterContent/Shapes/Shape_Trim.uasset" 64
"../../../../AnastasiaT_21012022-master/Content/Download/StarterContent/Shapes/Shape_Trim_90_In.uasset" 65
"../../../../AnastasiaT_21012022-master/Content/Download/StarterContent/Shapes/Shape_Trim_90_Out.uasset" 66
"../../../../AnastasiaT_21012022-master/Content/Download/StarterContent/Shapes/Shape_TriPyramid.uasset" 67
"../../../../AnastasiaT_21012022-master/Content/Download/StarterContent/Shapes/Shape_Tube.uasset" 68
"../../../../AnastasiaT_21012022-master/Content/Download/StarterContent/Shapes/Shape_Wedge_A.uasset" 69
"../../../../AnastasiaT_21012022-master/Content/Download/StarterContent/Shapes/Shape_Wedge_B.uasset" 70
"../../../../AnastasiaT_21012022-master/Content/Download/StarterContent/Shapes/Shape_WideCapsule.uasset" 71
"../../../../AnastasiaT_21012022-master/Content/Download/StarterContent/Textures/T_Lamp_N.uasset" 72
"../../../../AnastasiaT_21012022-master/Content/Download/StarterContent/Textures/T_Lamp_M.uasset" 73
"../../../../AnastasiaT_21012022-master/Content/Download/StarterContent/Props/Materials/M_Lamp.uasset" 74
"../../../../AnastasiaT_21012022-master/Content/Download/StarterContent/Props/SM_Lamp_Ceiling.uasset" 75
"../../../../AnastasiaT_21012022-master/Content/TokarevaA/TestBaseLamp.uasset" 76
"../../../../AnastasiaT_21012022-master/Content/TokarevaA/Main/MeinCont.uasset" 77
"../../../Engine/Content/Tutorial/SubEditors/TutorialAssets/Character/TutorialTPP_PhysicsAsset.uasset" 78
"../../../Engine/Content/Tutorial/SubEditors/TutorialAssets/Character/TutorialTPP_Mat.uasset" 79
"../../../Engine/Content/Tutorial/SubEditors/TutorialAssets/Character/TutorialTPP_Skeleton.uasset" 80
"../../../Engine/Content/Tutorial/SubEditors/TutorialAssets/Character/TutorialTPP.uasset" 81
"../../../Engine/Content/Functions/Engine_MaterialFunctions01/Shading/ConvertFromDiffSpec.uasset" 82
"../../../Engine/Content/EngineDebugMaterials/VertexColorMaterial.uasset" 83
"../../../../AnastasiaT_21012022-master/Content/TokarevaA/Characters/MainCharacter.uasset" 84
"../../../../AnastasiaT_21012022-master/Content/TokarevaA/Main/MainGM.uasset" 85
"../../../Engine/Content/EngineMaterials/T_Default_Material_Grid_N.uasset" 86
"../../../Engine/Content/EngineMaterials/T_Default_Material_Grid_M.uasset" 87
"../../../Engine/Content/Functions/Engine_MaterialFunctions01/Opacity/CameraDepthFade.uasset" 88
"../../../Engine/Content/EngineMaterials/WorldGridMaterial.uasset" 89
"../../../Engine/Content/ArtTools/RenderToTexture/Meshes/S_1_Unit_Plane.uasset" 90
"../../../Engine/Content/BasicShapes/Plane.uasset" 91
"../../../Engine/Content/EditorLandscapeResources/DataLayer.uasset" 92
"../../../Engine/Content/EditorLandscapeResources/DefaultAlphaTexture.uasset" 93
"../../../Engine/Content/EditorMaterials/MAT_Groups_Toggle.uasset" 94
"../../../Engine/Content/EditorMaterials/MAT_Groups_Visibility.uasset" 95
"../../../Engine/Content/EditorMaterials/PreviewShadowIndicator.uasset" 96
"../../../Engine/Content/EditorMaterials/PreviewShadowIndicatorMaterial.uasset" 97
"../../../Engine/Content/EditorMaterials/MatineeGroups/MAT_ColorTrack.uasset" 98
"../../../Engine/Content/EditorMaterials/MatineeGroups/MAT_Groups_Anim.uasset" 99
"../../../Engine/Content/EditorMaterials/MatineeGroups/MAT_Groups_AudioMaster.uasset" 100
"../../../Engine/Content/EditorMaterials/MatineeGroups/MAT_Groups_Director.uasset" 101
"../../../Engine/Content/EditorMaterials/MatineeGroups/MAT_Groups_Event.uasset" 102
"../../../Engine/Content/EditorMaterials/MatineeGroups/MAT_Groups_Fade.uasset" 103
"../../../Engine/Content/EditorMaterials/MatineeGroups/MAT_Groups_Float.uasset" 104
"../../../Engine/Content/EditorMaterials/MatineeGroups/MAT_Groups_Move.uasset" 105
"../../../Engine/Content/EditorMaterials/MatineeGroups/MAT_Groups_Slomo.uasset" 106
"../../../Engine/Content/EditorMaterials/MatineeGroups/MAT_Groups_Sound.uasset" 107
"../../../Engine/Content/EditorMaterials/MatineeGroups/MAT_Groups_Vector.uasset" 108
"../../../Engine/Content/EditorMaterials/ParticleSystems/PSysThumbnail_NoImage.uasset" 109
"../../../Engine/Content/EditorMaterials/ParticleSystems/PSysThumbnail_OOD.uasset" 110
"../../../Engine/Content/EditorMaterials/Camera/CineMat.uasset" 111
"../../../Engine/Content/EditorMaterials/Camera/MI_CineMat_Rig.uasset" 112
"../../../Engine/Content/EditorMeshes/Camera/SM_CraneRig_Arm.uasset" 113
"../../../Engine/Content/EditorMeshes/Camera/SM_CraneRig_Base.uasset" 114
"../../../Engine/Content/EditorMeshes/Camera/SM_CraneRig_Body.uasset" 115
"../../../Engine/Content/EditorMeshes/Camera/SM_CraneRig_Mount.uasset" 116
"../../../Engine/Content/EditorMeshes/Camera/SM_RailRig_Mount.uasset" 117
"../../../Engine/Content/EditorMeshes/Camera/SM_RailRig_Track.uasset" 118
"../../../Engine/Content/EditorResources/BSPVertex.uasset" 119
"../../../Engine/Content/EditorResources/EmptyActor.uasset" 120
"../../../Engine/Content/EditorResources/S_Actor.uasset" 121
"../../../Engine/Content/EditorResources/S_Note.uasset" 122
"../../../Engine/Content/EditorResources/S_Solver.uasset" 123
"../../../Engine/Content/EditorResources/S_Terrain.uasset" 124
"../../../Engine/Content/EditorResources/S_Thruster.uasset" 125
"../../../Engine/Content/EditorResources/S_Trigger.uasset" 126
"../../../Engine/Content/EditorResources/AudioIcons/S_AudioComponent.uasset" 127
"../../../Engine/Content/EditorResources/AudioIcons/S_AudioComponent_AutoActivate.uasset" 128
"../../../Engine/Content/EditorResources/LightIcons/S_LightError.uasset" 129
"../../../Engine/Content/EditorResources/SequenceRecorder/Countdown.uasset" 130
"../../../Engine/Content/EditorResources/SequenceRecorder/RecordingIndicator.uasset" 131
"../../../Engine/Content/EngineDamageTypes/DmgTypeBP_Environmental.uasset" 132
"../../../Engine/Content/EngineDebugMaterials/DebugEditorMaterial.uasset" 133
"../../../Engine/Content/EngineDebugMaterials/DebugMeshMaterial.uasset" 134
"../../../Engine/Content/EngineDebugMaterials/M_SimpleUnlitTranslucent.uasset" 135
"../../../Engine/Content/EngineDebugMaterials/VolumeToRender.uasset" 136
"../../../Engine/Content/Functions/Engine_MaterialFunctions02/Utility/CameraDirectionVector.uasset" 137
"../../../Engine/Content/EngineDebugMaterials/M_VolumeRenderSphereTracePP.uasset" 138
"../../../Engine/Content/EngineDebugMaterials/WireframeMaterial.uasset" 139
"../../../Engine/Content/EngineFonts/Faces/RobotoRegular.uasset" 140
"../../../Engine/Content/EngineFonts/Faces/RobotoLight.uasset" 141
"../../../Engine/Content/EngineFonts/Faces/RobotoItalic.uasset" 142
"../../../Engine/Content/EngineFonts/Faces/RobotoBoldItalic.uasset" 143
"../../../Engine/Content/EngineFonts/Faces/RobotoBold.uasset" 144
"../../../Engine/Content/EngineFonts/Faces/DroidSansFallback.uasset" 145
"../../../Engine/Content/EngineFonts/Roboto.uasset" 146
"../../../Engine/Content/EngineMaterials/BaseFlattenNormalMap.uasset" 147
"../../../Engine/Content/EngineMaterials/BaseFlattenGrayscaleMap.uasset" 148
"../../../Engine/Content/EngineMaterials/BaseFlattenEmissiveMap.uasset" 149
"../../../Engine/Content/EngineMaterials/BaseFlattenDiffuseMap.uasset" 150
"../../../Engine/Content/EngineMaterials/BaseFlattenMaterial.uasset" 151
"../../../Engine/Content/EngineMaterials/BlueNoise.uasset" 152
"../../../Engine/Content/EngineMaterials/DefaultBloomKernel.uasset" 153
"../../../Engine/Content/EngineMaterials/DefaultBokeh.uasset" 154
"../../../Engine/Content/EngineMaterials/DefaultDiffuse.uasset" 155
"../../../Engine/Content/EngineMaterials/DefaultDeferredDecalMaterial.uasset" 156
"../../../Engine/Content/EngineMaterials/DefaultLightFunctionMaterial.uasset" 157
"../../../Engine/Content/EngineMaterials/DefaultPhysicalMaterial.uasset" 158
"../../../Engine/Content/Functions/Engine_MaterialFunctions02/Utility/BreakOutFloat2Components.uasset" 159
"../../../Engine/Content/EngineMaterials/DefaultPostProcessMaterial.uasset" 160
"../../../Engine/Content/EngineFonts/RobotoDistanceField.uasset" 161
"../../../Engine/Content/EngineMaterials/DefaultTextMaterialOpaque.uasset" 162
"../../../Engine/Content/EngineMaterials/DefaultWhiteGrid.uasset" 163
"../../../Engine/Content/EngineMaterials/DefaultWhiteGrid_Low.uasset" 164
"../../../Engine/Content/EngineMaterials/EmissiveMeshMaterial.uasset" 165
"../../../Engine/Content/EngineMaterials/GizmoMaterial.uasset" 166
"../../../Engine/Content/EngineMaterials/Good64x64TilingNoiseHighFreq.uasset" 167
"../../../Engine/Content/EngineMaterials/MiniFont.uasset" 168
"../../../Engine/Content/EngineMaterials/InvalidLightmapSettings.uasset" 169
"../../../Engine/Content/EngineMaterials/M_InvalidLightmapSettings.uasset" 170
"../../../Engine/Content/Functions/Engine_MaterialFunctions02/WorldPositionOffset/CameraOffset.uasset" 171
"../../../Engine/Content/EngineMaterials/PhAT_JointLimitMaterial.uasset" 172
"../../../Engine/Content/EngineMaterials/PreintegratedSkinBRDF.uasset" 173
"../../../Engine/Content/EngineMaterials/RemoveSurfaceMaterial.uasset" 174
"../../../Engine/Content/EngineMaterials/WeightMapPlaceholderTexture.uasset" 175
"../../../Engine/Content/EngineResources/WhiteSquareTexture.uasset" 176
"../../../Engine/Content/EngineMaterials/Widget3DPassThrough.uasset" 177
"../../../Engine/Content/EngineMaterials/Widget3DPassThrough_Masked.uasset" 178
"../../../Engine/Content/EngineMaterials/Widget3DPassThrough_Opaque.uasset" 179
"../../../Engine/Content/EngineMaterials/Widget3DPassThrough_Masked_OneSided.uasset" 180
"../../../Engine/Content/EngineMaterials/Widget3DPassThrough_Opaque_OneSided.uasset" 181
"../../../Engine/Content/EngineMaterials/Widget3DPassThrough_Translucent.uasset" 182
"../../../Engine/Content/EngineMaterials/Widget3DPassThrough_Translucent_OneSided.uasset" 183
"../../../Engine/Content/EngineMaterials/DefaultMaterial.uasset" 184
"../../../Engine/Content/EngineMeshes/Cylinder.uasset" 185
"../../../Engine/Content/EngineMeshes/Sphere.uasset" 186
"../../../Engine/Content/EngineResources/Black.uasset" 187
"../../../Engine/Content/EngineResources/DefaultTextureCube.uasset" 188
"../../../Engine/Content/EngineResources/DefaultVolumeTexture2D.uasset" 189
"../../../Engine/Content/EngineResources/DefaultVolumeTexture.uasset" 190
"../../../Engine/Content/EngineResources/GradientTexture0.uasset" 191
"../../../Engine/Content/EngineSky/VolumetricClouds/T_NoiseShape64.uasset" 192
"../../../Engine/Content/EngineSky/VolumetricClouds/T_VolumeNoiseShape64.uasset" 193
"../../../Engine/Content/EngineSky/VolumetricClouds/T_NoiseErosion.uasset" 194
"../../../Engine/Content/EngineSky/VolumetricClouds/T_VolumeNoiseErosion32.uasset" 195
"../../../Engine/Content/EngineSky/VolumetricClouds/CloudWeatherTexture.uasset" 196
"../../../Engine/Content/EngineSky/VolumetricClouds/CloudGradientTexture.uasset" 197
"../../../Engine/Content/Functions/Engine_MaterialFunctions02/Utility/MakeFloat2.uasset" 198
"../../../Engine/Content/EngineSky/VolumetricClouds/m_SimpleVolumetricCloud.uasset" 199
"../../../Engine/Content/EngineSky/VolumetricClouds/m_SimpleVolumetricCloud_Inst.uasset" 200
"../../../Engine/Content/EngineSounds/Master.uasset" 201
"../../../Engine/Content/Functions/Engine_MaterialFunctions01/Shading/PowerToRoughness.uasset" 202
"../../../Engine/Content/Maps/Templates/Thumbnails/Default.uasset" 203
"../../../Engine/Content/Maps/Templates/Thumbnails/TimeOfDay.uasset" 204
"../../../Engine/Content/Maps/Templates/Thumbnails/VR-Basic.uasset" 205
"../../../Engine/Content/MobileResources/T_MobileControls_texture.uasset" 206
"../../../Engine/Content/MobileResources/T_MobileMenu2.uasset" 207
"../../../Engine/Content/MobileResources/HUD/AnalogHat.uasset" 208
"../../../Engine/Content/MobileResources/HUD/VirtualJoystick_Thumb.uasset" 209
"../../../Engine/Content/MobileResources/HUD/VirtualJoystick_Background.uasset" 210
"../../../Engine/Content/MobileResources/HUD/DefaultVirtualJoysticks.uasset" 211
"../../../Engine/Content/MobileResources/HUD/LeftVirtualJoystickOnly.uasset" 212
"../../../Engine/Content/MobileResources/HUD/MobileHUDButton1_off.uasset" 213
"../../../Engine/Content/MobileResources/HUD/MobileHUDButton1_on.uasset" 214
"../../../Engine/Content/MobileResources/HUD/MobileHUDButton2_off.uasset" 215
"../../../Engine/Content/MobileResources/HUD/MobileHUDButton2_on.uasset" 216
"../../../Engine/Content/MobileResources/HUD/MobileHUDButton3.uasset" 217
"../../../Engine/Content/MobileResources/HUD/MobileHUDButtonFire.uasset" 218
"../../../Engine/Content/MobileResources/HUD/MobileHUDDirectionPad.uasset" 219
"../../../Engine/Content/MobileResources/HUD/MobileHUDDirectionPad2.uasset" 220
"../../../Engine/Content/MobileResources/HUD/MobileHUDDirectionPad3.uasset" 221
"../../../Engine/Content/MobileResources/HUD/MobileHUDDirectionStick.uasset" 222
"../../../Engine/Content/MobileResources/HUD/T_Castle_ThumbstickInner.uasset" 223
"../../../Engine/Content/MobileResources/HUD/T_Castle_ThumbstickOutter.uasset" 224
"../../../Engine/Content/Tutorial/ContentIntroCurve.uasset" 225
"../../../Engine/Content/Tutorial/Basics/LevelEditorAttract.uasset" 226
"../../../Engine/Content/Tutorial/BlueprintTutorials/TutorialAssets/Blueprint_64x.uasset" 227
"../../../Engine/Content/Tutorial/BlueprintTutorials/BlueprintEditorTutorial.uasset" 228
"../../../Engine/Content/Tutorial/Installation/InstallingVisualStudioTutorial.uasset" 229
"../../../Engine/Content/VREditor/TransformGizmo/TranslucentTransformGizmoMaterial.uasset" 230
"../../../Engine/Content/VREditor/LaserPointer/VR_LaserPower_01.uasset" 231
"../../../Engine/Content/VREditor/TransformGizmo/TransformGizmoMaterial.uasset" 232
"../../../Engine/Content/VREditor/TransformGizmo/BoundingBoxCorner.uasset" 233
"../../../Engine/Content/VREditor/TransformGizmo/BoundingBoxEdge.uasset" 234
"../../../Engine/Content/VREditor/TransformGizmo/PlaneTranslationHandle.uasset" 235
"../../../Engine/Content/VREditor/TransformGizmo/Xray.uasset" 236
"../../../Engine/Content/VREditor/TransformGizmo/Main.uasset" 237
"../../../Engine/Content/VREditor/TransformGizmo/SM_Sequencer_Key.uasset" 238
"../../../Engine/Content/VREditor/TransformGizmo/SM_Sequencer_Node.uasset" 239
"../../Plugins/2D/Paper2D/Content/PlaceholderTextures/DummySpriteTexture.uasset" 240
"../../Plugins/2D/Paper2D/Content/DummySprite.uasset" 241
"../../Plugins/2D/Paper2D/Content/DefaultPaperTerrainMaterial.uasset" 242
"../../Plugins/2D/Paper2D/Content/DefaultSpriteMaterial.uasset" 243
"../../Plugins/2D/Paper2D/Content/MaskedUnlitSpriteMaterial.uasset" 244
"../../Plugins/2D/Paper2D/Content/OpaqueUnlitSpriteMaterial.uasset" 245
"../../../Engine/Content/Functions/Engine_MaterialFunctions02/Utility/BreakOutFloat3Components.uasset" 246
"../../Plugins/Editor/SpeedTreeImporter/Content/SpeedTree9/UnpackInteger3.uasset" 247
"../../Plugins/Editor/SpeedTreeImporter/Content/SpeedTree9/UnpackDirection.uasset" 248
"../../Plugins/Editor/SpeedTreeImporter/Content/SpeedTree9/game_wind_noise.uasset" 249
"../../../Engine/Content/Functions/Engine_MaterialFunctions02/SafeNormalize.uasset" 250
"../../Plugins/Editor/SpeedTreeImporter/Content/SpeedTree9/SpeedTreeWindMotion.uasset" 251
"../../Plugins/Editor/SpeedTreeImporter/Content/SpeedTree9/SpeedTreeBranchMotion.uasset" 252
"../../../Engine/Content/Functions/Engine_MaterialFunctions02/ObjectLocalBounds.uasset" 253
"../../../Engine/Content/Functions/Engine_MaterialFunctions02/UVs/BoundingBoxBased_0-1_UVW.uasset" 254
"../../Plugins/Editor/SpeedTreeImporter/Content/SpeedTree9/SpeedTreeWind.uasset" 255
"../../Plugins/Editor/SpeedTreeImporter/Content/SpeedTree9/SpeedTreeBillboard.uasset" 256
"../../../Engine/Content/EngineResources/DefaultTexture.uasset" 257
"../../Plugins/Editor/SpeedTreeImporter/Content/SpeedTree9/SpeedTreeBillboardMaster.uasset" 258
"../../Plugins/Editor/SpeedTreeImporter/Content/SpeedTree9/SpeedTreeCameraFacing.uasset" 259
"../../Plugins/Editor/SpeedTreeImporter/Content/SpeedTree9/SpeedTreeMaster.uasset" 260
"../../../Engine/Content/ArtTools/RenderToTexture/Materials/Debug/M_Emissive_Color.uasset" 261
"../../../Engine/Content/BasicShapes/Cylinder.uasset" 262
"../../Plugins/Lumin/MagicLeapPassableWorld/Content/MagicLeapARPinInfoActor.uasset" 263
"../../../Engine/Content/Functions/Engine_MaterialFunctions02/Utility/BreakOutFloat4Components.uasset" 264
"../../../Engine/Content/Functions/Engine_MaterialFunctions02/Utility/MakeFloat3.uasset" 265
"../../Plugins/Runtime/Oculus/OculusVR/Content/Materials/OculusMR_ChromaKey.uasset" 266
"../../Plugins/Runtime/Oculus/OculusVR/Content/Materials/OculusMR_OpaqueColoredMaterial.uasset" 267
"../../Plugins/Runtime/Oculus/OculusVR/Content/Materials/PokeAHoleMaterial.uasset" 268
"../../../Engine/Content/MapTemplates/SM_Template_Map_Floor.uasset" 269
"../../../Engine/Content/EngineSky/T_Sky_Stars.uasset" 270
"../../../Engine/Content/EngineSky/T_Sky_Clouds_M.uasset" 271
"../../../Engine/Content/EngineSky/T_Sky_Blue.uasset" 272
"../../../Engine/Content/BasicShapes/Sphere.uasset" 273
"../../../Engine/Content/BasicShapes/Cube.uasset" 274
"../../../../AnastasiaT_21012022-master/Content/Download/StarterContent/Textures/T_MacroVariation.uasset" 275
"../../../../AnastasiaT_21012022-master/Content/Download/StarterContent/Materials/M_Metal_Chrome.uasset" 276
"../../../../AnastasiaT_21012022-master/Content/Download/StarterContent/Textures/T_Metal_Rust_N.uasset" 277
"../../../../AnastasiaT_21012022-master/Content/Download/StarterContent/Textures/T_Concrete_Grime_D.uasset" 278
"../../../../AnastasiaT_21012022-master/Content/Download/StarterContent/Textures/T_Perlin_Noise_M.uasset" 279
"../../../../AnastasiaT_21012022-master/Content/Download/StarterContent/Materials/M_Concrete_Grime.uasset" 280
"../../../Engine/Content/EngineSky/M_Sky_Panning_Clouds2.uasset" 281
"../../../Engine/Content/BasicShapes/BasicShapeMaterial.uasset" 282
"../../../../AnastasiaT_21012022-master/Content/Untitled_BuiltData.uasset" 283
"../../../Engine/Content/EngineSky/SM_SkySphere.uasset" 284
"../../../Engine/Content/EngineSky/C_Sky_Zenith_Color.uasset" 285
"../../../Engine/Content/EngineSky/C_Sky_Horizon_Color.uasset" 286
"../../../Engine/Content/EngineSky/C_Sky_Cloud_Color.uasset" 287
"../../../Engine/Content/EditorBlueprintResources/StandardMacros.uasset" 288
"../../../Engine/Content/EngineSky/BP_Sky_Sphere.uasset" 289
"../../../../AnastasiaT_21012022-master/Content/TokarevaA/BaseLamp.uasset" 290
"../../../../AnastasiaT_21012022-master/Content/Download/StarterContent/Shapes/Shape_Cylinder.uasset" 291
"../../../../AnastasiaT_21012022-master/Content/TokarevaA/Fun.uasset" 292
"../../../../AnastasiaT_21012022-master/Content/Untitled.umap" 293
"../../../Engine/Content/EditorMeshes/ColorCalibrator/M_GreyBall.uasset" 294
"../../../Engine/Content/EditorMeshes/ColorCalibrator/Color_checker.uasset" 295
"../../../Engine/Content/EditorMeshes/ColorCalibrator/M_ColorGrid.uasset" 296
"../../../Engine/Content/EditorMeshes/ColorCalibrator/M_ClearCoatBlack.uasset" 297
"../../../Engine/Content/EditorMeshes/ColorCalibrator/M_ClearCoat.uasset" 298
"../../../Engine/Content/EditorMeshes/ColorCalibrator/M_ChromeBall.uasset" 299
"../../../Engine/Content/EditorMeshes/ColorCalibrator/SM_ColorCalibrator.uasset" 300
"../../../../AnastasiaT_21012022-master/Content/Download/StarterContent/Maps/Advanced_Lighting_BuiltData.uasset" 301
"../../../Engine/Content/MapTemplates/Sky/DaylightAmbientCubemap.uasset" 302
"../../../../AnastasiaT_21012022-master/Content/Download/StarterContent/HDRI/HDRI_Epic_Courtyard_Daylight.uasset" 303
"../../../../AnastasiaT_21012022-master/Content/Download/StarterContent/Blueprints/Assets/M_LightStage_Skybox_Master.uasset" 304
"../../../../AnastasiaT_21012022-master/Content/Download/StarterContent/Blueprints/Assets/M_LightStage_Skybox_HDRI.uasset" 305
"../../../../AnastasiaT_21012022-master/Content/Download/StarterContent/Materials/M_AssetPlatform.uasset" 306
"../../../../AnastasiaT_21012022-master/Content/Download/StarterContent/Architecture/SM_AssetPlatform.uasset" 307
"../../../../AnastasiaT_21012022-master/Content/Download/StarterContent/Blueprints/Assets/SM_Arrows.uasset" 308
"../../../Engine/Content/EditorMaterials/Thumbnails/SkySphereMaterial.uasset" 309
"../../../../AnastasiaT_21012022-master/Content/Download/StarterContent/Blueprints/Assets/Skybox.uasset" 310
"../../../../AnastasiaT_21012022-master/Content/Download/StarterContent/Blueprints/Assets/FogBrightnessLUT.uasset" 311
"../../../../AnastasiaT_21012022-master/Content/Download/StarterContent/Blueprints/Assets/SunlightColorLUT.uasset" 312
"../../../../AnastasiaT_21012022-master/Content/Download/StarterContent/Blueprints/Assets/M_LightStage_Skybox_Black.uasset" 313
"../../../../AnastasiaT_21012022-master/Content/Download/StarterContent/Blueprints/Assets/M_LightStage_Arrows.uasset" 314
"../../../../AnastasiaT_21012022-master/Content/Download/StarterContent/Blueprints/BP_LightStudio.uasset" 315
"../../../../AnastasiaT_21012022-master/Content/Download/StarterContent/Maps/Advanced_Lighting.umap" 316
"../../../../AnastasiaT_21012022-master/Content/Download/StarterContent/Textures/T_TableRound_N.uasset" 317
"../../../../AnastasiaT_21012022-master/Content/Download/StarterContent/Textures/T_TableRound_M.uasset" 318
"../../../../AnastasiaT_21012022-master/Content/Download/StarterContent/Props/Materials/M_TableRound.uasset" 319
"../../../../AnastasiaT_21012022-master/Content/Download/StarterContent/Props/SM_TableRound.uasset" 320
"../../../../AnastasiaT_21012022-master/Content/Download/StarterContent/Textures/T_Statue_N.uasset" 321
"../../../../AnastasiaT_21012022-master/Content/Download/StarterContent/Textures/T_Statue_M.uasset" 322
"../../../../AnastasiaT_21012022-master/Content/Download/StarterContent/Props/Materials/M_Statue.uasset" 323
"../../../../AnastasiaT_21012022-master/Content/Download/StarterContent/Props/Materials/M_StatueGlass.uasset" 324
"../../../../AnastasiaT_21012022-master/Content/Download/StarterContent/Props/SM_Statue.uasset" 325
"../../../../AnastasiaT_21012022-master/Content/Download/StarterContent/Props/SM_Chair.uasset" 326
"../../../../AnastasiaT_21012022-master/Content/Download/StarterContent/Textures/T_Metal_Copper_D.uasset" 327
"../../../../AnastasiaT_21012022-master/Content/Download/StarterContent/Textures/T_Metal_Gold_N.uasset" 328
"../../../../AnastasiaT_21012022-master/Content/Download/StarterContent/Materials/M_Metal_Copper.uasset" 329
"../../../../AnastasiaT_21012022-master/Content/Download/StarterContent/Textures/T_Metal_Aluminum_D.uasset" 330
"../../../../AnastasiaT_21012022-master/Content/Download/StarterContent/Materials/M_Metal_Burnished_Steel.uasset" 331
"../../../../AnastasiaT_21012022-master/Content/Download/StarterContent/Materials/M_Metal_Brushed_Nickel.uasset" 332
"../../../../AnastasiaT_21012022-master/Content/Download/StarterContent/Maps/Minimal_Default_BuiltData.uasset" 333
"../../../../AnastasiaT_21012022-master/Content/Download/StarterContent/Architecture/Floor_400x400.uasset" 334
"../../../../AnastasiaT_21012022-master/Content/Download/StarterContent/Audio/Starter_Wind05.uasset" 335
"../../../../AnastasiaT_21012022-master/Content/Download/StarterContent/Audio/Starter_Wind06.uasset" 336
"../../../../AnastasiaT_21012022-master/Content/Download/StarterContent/Audio/Starter_Birds01.uasset" 337
"../../../../AnastasiaT_21012022-master/Content/Download/StarterContent/Audio/Starter_Background_Cue.uasset" 338
"../../../../AnastasiaT_21012022-master/Content/Download/StarterContent/Maps/Minimal_Default.umap" 339
"../../../../AnastasiaT_21012022-master/Content/Download/StarterContent/Shapes/Shape_Sphere.uasset" 340
"../../../../AnastasiaT_21012022-master/Content/Download/StarterContent/Shapes/Shape_QuadPyramid.uasset" 341
"../../../../AnastasiaT_21012022-master/Content/Download/StarterContent/Shapes/Shape_Cube.uasset" 342
"../../../../AnastasiaT_21012022-master/Content/Download/StarterContent/Textures/T_Frame_N.uasset" 343
"../../../../AnastasiaT_21012022-master/Content/Download/StarterContent/Textures/T_Frame_M.uasset" 344
"../../../../AnastasiaT_21012022-master/Content/Download/StarterContent/Props/Materials/M_Frame.uasset" 345
"../../../../AnastasiaT_21012022-master/Content/Download/StarterContent/Props/SM_WindowFrame.uasset" 346
"../../../../AnastasiaT_21012022-master/Content/Download/StarterContent/Props/SM_PillarFrame300.uasset" 347
"../../../../AnastasiaT_21012022-master/Content/Download/StarterContent/Props/SM_PillarFrame.uasset" 348
"../../../../AnastasiaT_21012022-master/Content/Download/StarterContent/Props/SM_GlassWindow.uasset" 349
"../../../../AnastasiaT_21012022-master/Content/Download/StarterContent/Props/SM_DoorFrame.uasset" 350
"../../../../AnastasiaT_21012022-master/Content/Download/StarterContent/Props/SM_CornerFrame.uasset" 351
"../../../../AnastasiaT_21012022-master/Content/Download/StarterContent/Props/MaterialSphere.uasset" 352
"../../../../AnastasiaT_21012022-master/Content/Download/StarterContent/Textures/T_Dust_Particle_D.uasset" 353
"../../../../AnastasiaT_21012022-master/Content/Download/StarterContent/Particles/Materials/M_Dust_Particle.uasset" 354
"../../../../AnastasiaT_21012022-master/Content/Download/StarterContent/Particles/P_Ambient_Dust.uasset" 355
"../../../../AnastasiaT_21012022-master/Content/Download/StarterContent/Textures/T_Wood_Walnut_N.uasset" 356
"../../../../AnastasiaT_21012022-master/Content/Download/StarterContent/Textures/T_Wood_Walnut_D.uasset" 357
"../../../../AnastasiaT_21012022-master/Content/Download/StarterContent/Materials/M_Wood_Walnut.uasset" 358
"../../../../AnastasiaT_21012022-master/Content/Download/StarterContent/Textures/T_Wood_Pine_N.uasset" 359
"../../../../AnastasiaT_21012022-master/Content/Download/StarterContent/Textures/T_Wood_Pine_D.uasset" 360
"../../../../AnastasiaT_21012022-master/Content/Download/StarterContent/Materials/M_Wood_Pine.uasset" 361
"../../../../AnastasiaT_21012022-master/Content/Download/StarterContent/Textures/T_Wood_Oak_N.uasset" 362
"../../../../AnastasiaT_21012022-master/Content/Download/StarterContent/Textures/T_Wood_Oak_D.uasset" 363
"../../../../AnastasiaT_21012022-master/Content/Download/StarterContent/Materials/M_Wood_Oak.uasset" 364
"../../../Engine/Content/Functions/Engine_MaterialFunctions01/Opacity/AlphaOffset.uasset" 365
"../../../../AnastasiaT_21012022-master/Content/Download/StarterContent/Textures/T_Wood_Floor_Walnut_N.uasset" 366
"../../../../AnastasiaT_21012022-master/Content/Download/StarterContent/Textures/T_Wood_Floor_Walnut_M.uasset" 367
"../../../../AnastasiaT_21012022-master/Content/Download/StarterContent/Textures/T_Wood_Floor_Walnut_D.uasset" 368
"../../../../AnastasiaT_21012022-master/Content/Download/StarterContent/Materials/M_Wood_Floor_Walnut_Worn.uasset" 369
"../../../../AnastasiaT_21012022-master/Content/Download/StarterContent/Materials/M_Wood_Floor_Walnut_Polished.uasset" 370
"../../../../AnastasiaT_21012022-master/Content/Download/StarterContent/Textures/T_Water_M.uasset" 371
"../../../../AnastasiaT_21012022-master/Content/Download/StarterContent/Textures/T_Water_N.uasset" 372
"../../../../AnastasiaT_21012022-master/Content/Download/StarterContent/Materials/M_Water_Ocean.uasset" 373
"../../../../AnastasiaT_21012022-master/Content/Download/StarterContent/Materials/M_Water_Lake.uasset" 374
"../../../../AnastasiaT_21012022-master/Content/Download/StarterContent/Textures/T_Tech_Panel_N.uasset" 375
"../../../../AnastasiaT_21012022-master/Content/Download/StarterContent/Textures/T_Tech_Panel_M.uasset" 376
"../../../../AnastasiaT_21012022-master/Content/Download/StarterContent/Textures/T_Metal_Steel_D.uasset" 377
"../../../../AnastasiaT_21012022-master/Content/Download/StarterContent/Materials/M_Tech_Panel.uasset" 378
"../../../../AnastasiaT_21012022-master/Content/Download/StarterContent/Textures/T_Tech_Hex_Tile_N.uasset" 379
"../../../../AnastasiaT_21012022-master/Content/Download/StarterContent/Textures/T_Tech_Hex_Tile_M.uasset" 380
"../../../../AnastasiaT_21012022-master/Content/Download/StarterContent/Materials/M_Tech_Hex_Tile_Pulse.uasset" 381
"../../../../AnastasiaT_21012022-master/Content/Download/StarterContent/Materials/M_Tech_Hex_Tile.uasset" 382
"../../../../AnastasiaT_21012022-master/Content/Download/StarterContent/Textures/T_Tech_Dot_N.uasset" 383
"../../../../AnastasiaT_21012022-master/Content/Download/StarterContent/Textures/T_Tech_Dot_M.uasset" 384
"../../../../AnastasiaT_21012022-master/Content/Download/StarterContent/Textures/T_Single_Tile_N.uasset" 385
"../../../../AnastasiaT_21012022-master/Content/Download/StarterContent/Textures/T_Checker_Noise_M.uasset" 386
"../../../../AnastasiaT_21012022-master/Content/Download/StarterContent/Materials/M_Tech_Checker_Dot.uasset" 387
"../../../../AnastasiaT_21012022-master/Content/Download/StarterContent/Textures/T_Rock_Slate_N.uasset" 388
"../../../../AnastasiaT_21012022-master/Content/Download/StarterContent/Textures/T_Rock_Slate_D.uasset" 389
"../../../../AnastasiaT_21012022-master/Content/Download/StarterContent/Materials/M_Rock_Slate.uasset" 390
"../../../../AnastasiaT_21012022-master/Content/Download/StarterContent/Textures/T_Rock_Sandstone_N.uasset" 391
"../../../../AnastasiaT_21012022-master/Content/Download/StarterContent/Textures/T_Rock_Sandstone_D.uasset" 392
"../../../../AnastasiaT_21012022-master/Content/Download/StarterContent/Materials/M_Rock_Sandstone.uasset" 393
"../../../../AnastasiaT_21012022-master/Content/Download/StarterContent/Textures/T_Rock_Marble_Polished_D.uasset" 394
"../../../../AnastasiaT_21012022-master/Content/Download/StarterContent/Materials/M_Rock_Marble_Polished.uasset" 395
"../../../../AnastasiaT_21012022-master/Content/Download/StarterContent/Textures/T_Rock_Basalt_N.uasset" 396
"../../../../AnastasiaT_21012022-master/Content/Download/StarterContent/Materials/M_Rock_Basalt.uasset" 397
"../../../../AnastasiaT_21012022-master/Content/Download/StarterContent/Textures/T_Metal_Steel_N.uasset" 398
"../../../../AnastasiaT_21012022-master/Content/Download/StarterContent/Materials/M_Metal_Steel.uasset" 399
"../../../../AnastasiaT_21012022-master/Content/Download/StarterContent/Textures/T_Metal_Rust_D.uasset" 400
"../../../../AnastasiaT_21012022-master/Content/Download/StarterContent/Materials/M_Metal_Rust.uasset" 401
"../../../../AnastasiaT_21012022-master/Content/Download/StarterContent/Textures/T_Metal_Gold_D.uasset" 402
"../../../../AnastasiaT_21012022-master/Content/Download/StarterContent/Materials/M_Metal_Gold.uasset" 403
"../../../../AnastasiaT_21012022-master/Content/Download/StarterContent/Textures/T_Ground_Moss_N.uasset" 404
"../../../../AnastasiaT_21012022-master/Content/Download/StarterContent/Textures/T_ground_Moss_D.uasset" 405
"../../../../AnastasiaT_21012022-master/Content/Download/StarterContent/Materials/M_Ground_Moss.uasset" 406
"../../../../AnastasiaT_21012022-master/Content/Download/StarterContent/Textures/T_Ground_Gravel_N.uasset" 407
"../../../../AnastasiaT_21012022-master/Content/Download/StarterContent/Textures/T_Ground_Gravel_D.uasset" 408
"../../../../AnastasiaT_21012022-master/Content/Download/StarterContent/Materials/M_Ground_Gravel.uasset" 409
"../../../../AnastasiaT_21012022-master/Content/Download/StarterContent/Textures/T_Ground_Grass_N.uasset" 410
"../../../../AnastasiaT_21012022-master/Content/Download/StarterContent/Textures/T_Ground_Grass_D.uasset" 411
"../../../../AnastasiaT_21012022-master/Content/Download/StarterContent/Materials/M_Ground_Grass.uasset" 412
"../../../../AnastasiaT_21012022-master/Content/Download/StarterContent/Textures/T_Concrete_Tiles_Variation_M.uasset" 413
"../../../../AnastasiaT_21012022-master/Content/Download/StarterContent/Textures/T_Concrete_Tiles_N.uasset" 414
"../../../../AnastasiaT_21012022-master/Content/Download/StarterContent/Textures/T_Concrete_Tiles_M.uasset" 415
"../../../../AnastasiaT_21012022-master/Content/Download/StarterContent/Textures/T_Concrete_Tiles_D.uasset" 416
"../../../../AnastasiaT_21012022-master/Content/Download/StarterContent/Materials/M_Concrete_Tiles.uasset" 417
"../../../../AnastasiaT_21012022-master/Content/Download/StarterContent/Textures/T_Concrete_Poured_N.uasset" 418
"../../../../AnastasiaT_21012022-master/Content/Download/StarterContent/Textures/T_Concrete_Poured_D.uasset" 419
"../../../../AnastasiaT_21012022-master/Content/Download/StarterContent/Materials/M_Concrete_Poured.uasset" 420
"../../../../AnastasiaT_21012022-master/Content/Download/StarterContent/Textures/T_CobbleStone_Smooth_N.uasset" 421
"../../../../AnastasiaT_21012022-master/Content/Download/StarterContent/Textures/T_CobbleStone_Smooth_M.uasset" 422
"../../../../AnastasiaT_21012022-master/Content/Download/StarterContent/Textures/T_CobbleStone_Smooth_D.uasset" 423
"../../../../AnastasiaT_21012022-master/Content/Download/StarterContent/Textures/T_Rock_Smooth_Granite_D.uasset" 424
"../../../../AnastasiaT_21012022-master/Content/Download/StarterContent/Textures/T_Gradinet_01.uasset" 425
"../../../../AnastasiaT_21012022-master/Content/Download/StarterContent/Materials/M_CobbleStone_Smooth.uasset" 426
"../../../../AnastasiaT_21012022-master/Content/Download/StarterContent/Textures/T_CobbleStone_Rough_N.uasset" 427
"../../../../AnastasiaT_21012022-master/Content/Download/StarterContent/Textures/T_CobbleStone_Rough_D.uasset" 428
"../../../../AnastasiaT_21012022-master/Content/Download/StarterContent/Materials/M_CobbleStone_Rough.uasset" 429
"../../../../AnastasiaT_21012022-master/Content/Download/StarterContent/Textures/T_CobbleStone_Pebble_N.uasset" 430
"../../../../AnastasiaT_21012022-master/Content/Download/StarterContent/Textures/T_CobbleStone_Pebble_M.uasset" 431
"../../../../AnastasiaT_21012022-master/Content/Download/StarterContent/Textures/T_CobbleStone_Pebble_D.uasset" 432
"../../../../AnastasiaT_21012022-master/Content/Download/StarterContent/Materials/M_CobbleStone_Pebble.uasset" 433
"../../../../AnastasiaT_21012022-master/Content/Download/StarterContent/Textures/T_Ceramic_Tile_N.uasset" 434
"../../../../AnastasiaT_21012022-master/Content/Download/StarterContent/Textures/T_Ceramic_Tile_M.uasset" 435
"../../../../AnastasiaT_21012022-master/Content/Download/StarterContent/Materials/M_Ceramic_Tile_Checker.uasset" 436
"../../../../AnastasiaT_21012022-master/Content/Download/StarterContent/Textures/T_Brick_Hewn_Stone_N.uasset" 437
"../../../../AnastasiaT_21012022-master/Content/Download/StarterContent/Textures/T_Brick_Hewn_Stone_M.uasset" 438
"../../../../AnastasiaT_21012022-master/Content/Download/StarterContent/Textures/T_Brick_Hewn_Stone_D.uasset" 439
"../../../../AnastasiaT_21012022-master/Content/Download/StarterContent/Materials/M_Brick_Hewn_Stone.uasset" 440
"../../../../AnastasiaT_21012022-master/Content/Download/StarterContent/Textures/T_Brick_Cut_Stone_N.uasset" 441
"../../../../AnastasiaT_21012022-master/Content/Download/StarterContent/Textures/T_Brick_Cut_Stone_D.uasset" 442
"../../../../AnastasiaT_21012022-master/Content/Download/StarterContent/Materials/M_Brick_Cut_Stone.uasset" 443
"../../../../AnastasiaT_21012022-master/Content/Download/StarterContent/Textures/T_Brick_Clay_Old_N.uasset" 444
"../../../../AnastasiaT_21012022-master/Content/Download/StarterContent/Textures/T_Brick_Clay_Old_D.uasset" 445
"../../../../AnastasiaT_21012022-master/Content/Download/StarterContent/Materials/M_Brick_Clay_Old.uasset" 446
"../../../../AnastasiaT_21012022-master/Content/Download/StarterContent/Textures/T_Brick_Clay_New_N.uasset" 447
"../../../../AnastasiaT_21012022-master/Content/Download/StarterContent/Textures/T_Brick_Clay_New_M.uasset" 448
"../../../../AnastasiaT_21012022-master/Content/Download/StarterContent/Textures/T_Brick_Clay_New_D.uasset" 449
"../../../../AnastasiaT_21012022-master/Content/Download/StarterContent/Materials/M_Brick_Clay_New.uasset" 450
"../../../../AnastasiaT_21012022-master/Content/Download/StarterContent/Textures/T_Brick_Clay_Beveled_N.uasset" 451
"../../../../AnastasiaT_21012022-master/Content/Download/StarterContent/Textures/T_Brick_Clay_Beveled_M.uasset" 452
"../../../../AnastasiaT_21012022-master/Content/Download/StarterContent/Textures/T_Brick_Clay_Beveled_D.uasset" 453
"../../../../AnastasiaT_21012022-master/Content/Download/StarterContent/Materials/M_Brick_Clay_Beveled.uasset" 454
"../../../Engine/Content/Functions/Engine_MaterialFunctions03/Procedurals/ComputeFilterWidth.uasset" 455
"../../../Engine/Content/EngineMaterials/AntiAliasedTextMaterialTranslucent.uasset" 456
"../../../../AnastasiaT_21012022-master/Content/Download/StarterContent/Maps/StarterMap_BuiltData.uasset" 457
"../../../../AnastasiaT_21012022-master/Content/Download/StarterContent/Textures/T_Concrete_Panels_N.uasset" 458
"../../../../AnastasiaT_21012022-master/Content/Download/StarterContent/Textures/T_Concrete_Panels_D.uasset" 459
"../../../../AnastasiaT_21012022-master/Content/Download/StarterContent/Materials/M_Concrete_Panels.uasset" 460
"../../../../AnastasiaT_21012022-master/Content/Download/StarterContent/Architecture/Wall_400x200.uasset" 461
"../../../../AnastasiaT_21012022-master/Content/Download/StarterContent/Architecture/Wall_Door_400x300.uasset" 462
"../../../../AnastasiaT_21012022-master/Content/Download/StarterContent/Architecture/Wall_Window_400x300.uasset" 463
"../../../../AnastasiaT_21012022-master/Content/Download/StarterContent/Audio/Collapse01.uasset" 464
"../../../../AnastasiaT_21012022-master/Content/Download/StarterContent/Audio/Collapse02.uasset" 465
"../../../../AnastasiaT_21012022-master/Content/Download/StarterContent/Audio/Collapse_Cue.uasset" 466
"../../../../AnastasiaT_21012022-master/Content/Download/StarterContent/Audio/Starter_Music01.uasset" 467
"../../../../AnastasiaT_21012022-master/Content/Download/StarterContent/Audio/Starter_Music_Cue.uasset" 468
"../../../../AnastasiaT_21012022-master/Content/Download/StarterContent/Blueprints/Blueprint_CeilingLight.uasset" 469
"../../../../AnastasiaT_21012022-master/Content/Download/StarterContent/Particles/Materials/M_Radial_Gradient.uasset" 470
"../../../../AnastasiaT_21012022-master/Content/Download/StarterContent/Particles/Materials/M_Heat_Distortion.uasset" 471
"../../../../AnastasiaT_21012022-master/Content/Download/StarterContent/Textures/T_Fire_Tiled_D.uasset" 472
"../../../../AnastasiaT_21012022-master/Content/Download/StarterContent/Textures/T_Fire_SubUV.uasset" 473
"../../../../AnastasiaT_21012022-master/Content/Download/StarterContent/Particles/Materials/M_Fire_SubUV.uasset" 474
"../../../../AnastasiaT_21012022-master/Content/Download/StarterContent/Particles/P_Fire.uasset" 475
"../../../../AnastasiaT_21012022-master/Content/Download/StarterContent/Audio/Fire01.uasset" 476
"../../../../AnastasiaT_21012022-master/Content/Download/StarterContent/Audio/Fire01_Cue.uasset" 477
"../../../../AnastasiaT_21012022-master/Content/Download/StarterContent/Blueprints/Blueprint_Effect_Fire.uasset" 478
"../../../../AnastasiaT_21012022-master/Content/Download/StarterContent/Audio/Smoke01.uasset" 479
"../../../../AnastasiaT_21012022-master/Content/Download/StarterContent/Audio/Smoke01_Cue.uasset" 480
"../../../../AnastasiaT_21012022-master/Content/Download/StarterContent/Particles/P_Smoke.uasset" 481
"../../../../AnastasiaT_21012022-master/Content/Download/StarterContent/Blueprints/Blueprint_Effect_Smoke.uasset" 482
"../../../../AnastasiaT_21012022-master/Content/Download/StarterContent/Audio/Fire_Sparks01.uasset" 483
"../../../../AnastasiaT_21012022-master/Content/Download/StarterContent/Audio/Fire_Sparks01_Cue.uasset" 484
"../../../../AnastasiaT_21012022-master/Content/Download/StarterContent/Textures/T_Spark_Core.uasset" 485
"../../../../AnastasiaT_21012022-master/Content/Download/StarterContent/Particles/Materials/M_Spark.uasset" 486
"../../../../AnastasiaT_21012022-master/Content/Download/StarterContent/Particles/P_Sparks.uasset" 487
"../../../../AnastasiaT_21012022-master/Content/Download/StarterContent/Blueprints/Blueprint_Effect_Sparks.uasset" 488
"../../../../AnastasiaT_21012022-master/Content/Download/StarterContent/Audio/Steam01.uasset" 489
"../../../../AnastasiaT_21012022-master/Content/Download/StarterContent/Audio/Steam01_Cue.uasset" 490
"../../../../AnastasiaT_21012022-master/Content/Download/StarterContent/Particles/P_Steam_Lit.uasset" 491
"../../../../AnastasiaT_21012022-master/Content/Download/StarterContent/Blueprints/Blueprint_Effect_Steam.uasset" 492
"../../../../AnastasiaT_21012022-master/Content/Download/StarterContent/Props/SM_Lamp_Wall.uasset" 493
"../../../../AnastasiaT_21012022-master/Content/Download/StarterContent/Blueprints/Blueprint_WallSconce.uasset" 494
"../../../../AnastasiaT_21012022-master/Content/Download/StarterContent/Maps/StarterMap.umap" 495
"../../../Engine/Content/BasicShapes/Cone.uasset" 496
"../../../../AnastasiaT_21012022-master/Content/TokarevaA/Levels/NewMap_BuiltData.uasset" 497
"../../../../AnastasiaT_21012022-master/Content/TokarevaA/Levels/NewMap.umap" 498
"../../../Engine/Content/Maps/Entry_BuiltData.uasset" 499
"../../../Engine/Content/Maps/Entry.umap" 500
"../../../Engine/Content/Maps/Templates/Template_Default_BuiltData.uasset" 501
"../../../Engine/Content/Maps/Templates/Template_Default.umap" 502
